<?xml version="1.0" encoding="UTF-8"?>
<robot generator="Robot 4.0.3 (Python 3.8.5 on linux)" generated="20210606 23:46:04.852" rpa="false" schemaversion="2">
<suite id="s1" name="Search" source="/home/kira/Documentos/web_rick_and_morty/web/search.robot">
<test id="s1-t1" name="Cenário: Buscar Rick and Morty e acessar a página">
<kw name="Abrir">
<arg>navegador</arg>
<msg timestamp="20210606 23:46:05.029" level="FAIL">No keyword with name 'Abrir' found.</msg>
<status status="FAIL" starttime="20210606 23:46:05.029" endtime="20210606 23:46:05.029"/>
</kw>
<kw name="Digitar &quot;Rick and Morty&quot; na busca">
<status status="NOT RUN" starttime="20210606 23:46:05.033" endtime="20210606 23:46:05.033"/>
</kw>
<kw name="Confirmar se a busca retorna o resultado buscado">
<status status="NOT RUN" starttime="20210606 23:46:05.037" endtime="20210606 23:46:05.037"/>
</kw>
<kw name="Clique no primeiro &quot;link&quot;">
<status status="NOT RUN" starttime="20210606 23:46:05.042" endtime="20210606 23:46:05.042"/>
</kw>
<kw name="Verificar se a página apresentada está correta">
<status status="NOT RUN" starttime="20210606 23:46:05.045" endtime="20210606 23:46:05.045"/>
</kw>
<kw name="Fechar navegador">
<status status="NOT RUN" starttime="20210606 23:46:05.049" endtime="20210606 23:46:05.049"/>
</kw>
<status status="FAIL" starttime="20210606 23:46:05.024" endtime="20210606 23:46:05.050">No keyword with name 'Abrir' found.</status>
</test>
<status status="FAIL" starttime="20210606 23:46:04.854" endtime="20210606 23:46:05.051"/>
</suite>
<statistics>
<total>
<stat pass="0" fail="1" skip="0">All Tests</stat>
</total>
<tag>
</tag>
<suite>
<stat pass="0" fail="1" skip="0" id="s1" name="Search">Search</stat>
</suite>
</statistics>
<errors>
<msg timestamp="20210606 23:46:05.022" level="ERROR">Error in file '/home/kira/Documentos/web_rick_and_morty/web/search.robot' on line 3: Error in file '/home/kira/Documentos/web_rick_and_morty/web/resource.robot' on line 8: Resource file with 'Test Cases' section is invalid.</msg>
</errors>
</robot>
